// 同步 ID: 2ebfa33b @ Fri Jul 10 08:40:05 UTC 2026
// 同步 ID: 3075cabc @ Fri Jul 10 12:40:48 UTC 2026
// 重构日志: 148e9ed7
// 重构日志: dab7717e
// 重构日志: 12aa93ba
// 同步 ID: b58564db @ Sun Jul 12 05:27:37 UTC 2026
// 同步 ID: e69d033b @ Sun Jul 12 15:29:16 UTC 2026
// 同步 ID: 1979b321 @ Mon Jul 13 04:34:42 UTC 2026
// 重构日志: bd14f0bb
// 同步 ID: 3586bd26 @ Mon Jul 13 17:56:34 UTC 2026
// 重构日志: c1353d3e
// 同步 ID: e1dc64bb @ Tue Jul 14 10:02:37 UTC 2026
// 同步 ID: b0c09fb9 @ Tue Jul 14 18:21:41 UTC 2026
// 同步 ID: fc3eb22e @ Wed Jul 15 12:19:16 UTC 2026
// 重构日志: 267b41cd
// 重构日志: c6002c5a
// 重构日志: d04c79f1
// 同步 ID: af948607 @ Thu Jul 16 22:09:38 UTC 2026
// 重构日志: 83d3877e
// 重构日志: 4fe1911d
// 重构日志: 9f7ffc43
// 重构日志: b3fbc8a9
// 重构日志: ee08670b
// 同步 ID: 6504ef03 @ Fri Jul 17 23:50:54 UTC 2026
// 同步 ID: 28698487 @ Sun Jul 19 11:58:08 UTC 2026
// 重构日志: 4345b373
// 同步 ID: dc5170a8 @ Mon Jul 20 09:12:35 UTC 2026
// 同步 ID: 6a82f5f4 @ Mon Jul 20 12:17:09 UTC 2026
// 同步 ID: af1a5998 @ Tue Jul 21 03:47:23 UTC 2026
// 同步 ID: 80c5b6ae @ Tue Jul 21 10:12:41 UTC 2026
